2025-10-15T19:02:22.417+05:30  INFO 22312 --- [todo-full-stack-mysql-security] [restartedMain] i.v.s.web.TodoManagementApplication      : Starting TodoManagementApplication using Java 24.0.2 with PID 22312 (C:\eclipse-workspace\todo-full-stack-mysql-security\target\classes started by vetri in C:\eclipse-workspace\todo-full-stack-mysql-security)
2025-10-15T19:02:22.441+05:30  INFO 22312 --- [todo-full-stack-mysql-security] [restartedMain] i.v.s.web.TodoManagementApplication      : No active profile set, falling back to 1 default profile: "default"
2025-10-15T19:02:22.538+05:30  INFO 22312 --- [todo-full-stack-mysql-security] [restartedMain] .e.DevToolsPropertyDefaultsPostProcessor : Devtools property defaults active! Set 'spring.devtools.add-properties' to 'false' to disable
2025-10-15T19:02:22.538+05:30  INFO 22312 --- [todo-full-stack-mysql-security] [restartedMain] .e.DevToolsPropertyDefaultsPostProcessor : For additional web related logging consider setting the 'logging.level.web' property to 'DEBUG'
2025-10-15T19:02:23.446+05:30  INFO 22312 --- [todo-full-stack-mysql-security] [restartedMain] .s.d.r.c.RepositoryConfigurationDelegate : Bootstrapping Spring Data JPA repositories in DEFAULT mode.
2025-10-15T19:02:23.520+05:30  INFO 22312 --- [todo-full-stack-mysql-security] [restartedMain] .s.d.r.c.RepositoryConfigurationDelegate : Finished Spring Data repository scanning in 59 ms. Found 1 JPA repository interface.
2025-10-15T19:02:24.442+05:30  INFO 22312 --- [todo-full-stack-mysql-security] [restartedMain] o.s.b.w.embedded.tomcat.TomcatWebServer  : Tomcat initialized with port 7777 (http)
2025-10-15T19:02:24.462+05:30  INFO 22312 --- [todo-full-stack-mysql-security] [restartedMain] o.apache.catalina.core.StandardService   : Starting service [Tomcat]
2025-10-15T19:02:24.462+05:30  INFO 22312 --- [todo-full-stack-mysql-security] [restartedMain] o.apache.catalina.core.StandardEngine    : Starting Servlet engine: [Apache Tomcat/10.1.34]
2025-10-15T19:02:24.664+05:30  INFO 22312 --- [todo-full-stack-mysql-security] [restartedMain] org.apache.jasper.servlet.TldScanner     : At least one JAR was scanned for TLDs yet contained no TLDs. Enable debug logging for this logger for a complete list of JARs that were scanned but no TLDs were found in them. Skipping unneeded JARs during scanning can improve startup time and JSP compilation time.
2025-10-15T19:02:24.675+05:30  INFO 22312 --- [todo-full-stack-mysql-security] [restartedMain] o.a.c.c.C.[Tomcat].[localhost].[/]       : Initializing Spring embedded WebApplicationContext
2025-10-15T19:02:24.676+05:30  INFO 22312 --- [todo-full-stack-mysql-security] [restartedMain] w.s.c.ServletWebServerApplicationContext : Root WebApplicationContext: initialization completed in 2136 ms
2025-10-15T19:02:24.874+05:30  INFO 22312 --- [todo-full-stack-mysql-security] [restartedMain] o.hibernate.jpa.internal.util.LogHelper  : HHH000204: Processing PersistenceUnitInfo [name: default]
2025-10-15T19:02:24.998+05:30  INFO 22312 --- [todo-full-stack-mysql-security] [restartedMain] org.hibernate.Version                    : HHH000412: Hibernate ORM core version 6.5.3.Final
2025-10-15T19:02:25.062+05:30  INFO 22312 --- [todo-full-stack-mysql-security] [restartedMain] o.h.c.internal.RegionFactoryInitiator    : HHH000026: Second-level cache disabled
2025-10-15T19:02:25.464+05:30  INFO 22312 --- [todo-full-stack-mysql-security] [restartedMain] o.s.o.j.p.SpringPersistenceUnitInfo      : No LoadTimeWeaver setup: ignoring JPA class transformer
2025-10-15T19:02:25.512+05:30  INFO 22312 --- [todo-full-stack-mysql-security] [restartedMain] com.zaxxer.hikari.HikariDataSource       : HikariPool-1 - Starting...
2025-10-15T19:02:25.835+05:30  INFO 22312 --- [todo-full-stack-mysql-security] [restartedMain] com.zaxxer.hikari.pool.HikariPool        : HikariPool-1 - Added connection com.mysql.cj.jdbc.ConnectionImpl@7374184e
2025-10-15T19:02:25.838+05:30  INFO 22312 --- [todo-full-stack-mysql-security] [restartedMain] com.zaxxer.hikari.HikariDataSource       : HikariPool-1 - Start completed.
2025-10-15T19:02:25.898+05:30  WARN 22312 --- [todo-full-stack-mysql-security] [restartedMain] org.hibernate.orm.deprecation            : HHH90000025: MySQLDialect does not need to be specified explicitly using 'hibernate.dialect' (remove the property setting and it will be selected by default)
2025-10-15T19:02:26.799+05:30  INFO 22312 --- [todo-full-stack-mysql-security] [restartedMain] o.h.e.t.j.p.i.JtaPlatformInitiator       : HHH000489: No JTA platform available (set 'hibernate.transaction.jta.platform' to enable JTA platform integration)
2025-10-15T19:02:26.847+05:30  INFO 22312 --- [todo-full-stack-mysql-security] [restartedMain] j.LocalContainerEntityManagerFactoryBean : Initialized JPA EntityManagerFactory for persistence unit 'default'
2025-10-15T19:02:27.532+05:30  WARN 22312 --- [todo-full-stack-mysql-security] [restartedMain] JpaBaseConfiguration$JpaWebConfiguration : spring.jpa.open-in-view is enabled by default. Therefore, database queries may be performed during view rendering. Explicitly configure spring.jpa.open-in-view to disable this warning
2025-10-15T19:02:27.585+05:30  INFO 22312 --- [todo-full-stack-mysql-security] [restartedMain] r$InitializeUserDetailsManagerConfigurer : Global AuthenticationManager configured with UserDetailsService bean with name createUserDetailsManager
2025-10-15T19:02:28.261+05:30  INFO 22312 --- [todo-full-stack-mysql-security] [restartedMain] o.s.b.d.a.OptionalLiveReloadServer       : LiveReload server is running on port 35729
2025-10-15T19:02:28.318+05:30  INFO 22312 --- [todo-full-stack-mysql-security] [restartedMain] o.s.b.w.embedded.tomcat.TomcatWebServer  : Tomcat started on port 7777 (http) with context path '/'
2025-10-15T19:02:28.331+05:30  INFO 22312 --- [todo-full-stack-mysql-security] [restartedMain] i.v.s.web.TodoManagementApplication      : Started TodoManagementApplication in 6.431 seconds (process running for 7.092)
2025-10-15T19:03:08.899+05:30  INFO 22312 --- [todo-full-stack-mysql-security] [File Watcher] rtingClassPathChangeChangedEventListener : Restarting due to 1 class path change (0 additions, 0 deletions, 1 modification)
2025-10-15T19:03:08.913+05:30  INFO 22312 --- [todo-full-stack-mysql-security] [Thread-5] j.LocalContainerEntityManagerFactoryBean : Closing JPA EntityManagerFactory for persistence unit 'default'
2025-10-15T19:03:08.916+05:30  INFO 22312 --- [todo-full-stack-mysql-security] [Thread-5] com.zaxxer.hikari.HikariDataSource       : HikariPool-1 - Shutdown initiated...
2025-10-15T19:03:08.935+05:30  INFO 22312 --- [todo-full-stack-mysql-security] [Thread-5] com.zaxxer.hikari.HikariDataSource       : HikariPool-1 - Shutdown completed.
2025-10-15T19:03:09.030+05:30  INFO 22312 --- [todo-full-stack-mysql-security] [restartedMain] i.v.s.web.TodoManagementApplication      : Starting TodoManagementApplication using Java 24.0.2 with PID 22312 (C:\eclipse-workspace\todo-full-stack-mysql-security\target\classes started by vetri in C:\eclipse-workspace\todo-full-stack-mysql-security)
2025-10-15T19:03:09.031+05:30  INFO 22312 --- [todo-full-stack-mysql-security] [restartedMain] i.v.s.web.TodoManagementApplication      : No active profile set, falling back to 1 default profile: "default"
2025-10-15T19:03:09.239+05:30  INFO 22312 --- [todo-full-stack-mysql-security] [restartedMain] .s.d.r.c.RepositoryConfigurationDelegate : Bootstrapping Spring Data JPA repositories in DEFAULT mode.
2025-10-15T19:03:09.251+05:30  INFO 22312 --- [todo-full-stack-mysql-security] [restartedMain] .s.d.r.c.RepositoryConfigurationDelegate : Finished Spring Data repository scanning in 11 ms. Found 1 JPA repository interface.
2025-10-15T19:03:09.370+05:30  INFO 22312 --- [todo-full-stack-mysql-security] [restartedMain] o.s.b.w.embedded.tomcat.TomcatWebServer  : Tomcat initialized with port 7777 (http)
2025-10-15T19:03:09.371+05:30  INFO 22312 --- [todo-full-stack-mysql-security] [restartedMain] o.apache.catalina.core.StandardService   : Starting service [Tomcat]
2025-10-15T19:03:09.371+05:30  INFO 22312 --- [todo-full-stack-mysql-security] [restartedMain] o.apache.catalina.core.StandardEngine    : Starting Servlet engine: [Apache Tomcat/10.1.34]
2025-10-15T19:03:09.470+05:30  INFO 22312 --- [todo-full-stack-mysql-security] [restartedMain] org.apache.jasper.servlet.TldScanner     : At least one JAR was scanned for TLDs yet contained no TLDs. Enable debug logging for this logger for a complete list of JARs that were scanned but no TLDs were found in them. Skipping unneeded JARs during scanning can improve startup time and JSP compilation time.
2025-10-15T19:03:09.477+05:30  INFO 22312 --- [todo-full-stack-mysql-security] [restartedMain] o.a.c.c.C.[Tomcat].[localhost].[/]       : Initializing Spring embedded WebApplicationContext
2025-10-15T19:03:09.477+05:30  INFO 22312 --- [todo-full-stack-mysql-security] [restartedMain] w.s.c.ServletWebServerApplicationContext : Root WebApplicationContext: initialization completed in 443 ms
2025-10-15T19:03:09.505+05:30  INFO 22312 --- [todo-full-stack-mysql-security] [restartedMain] o.hibernate.jpa.internal.util.LogHelper  : HHH000204: Processing PersistenceUnitInfo [name: default]
2025-10-15T19:03:09.507+05:30  INFO 22312 --- [todo-full-stack-mysql-security] [restartedMain] o.h.c.internal.RegionFactoryInitiator    : HHH000026: Second-level cache disabled
2025-10-15T19:03:09.516+05:30  INFO 22312 --- [todo-full-stack-mysql-security] [restartedMain] o.s.o.j.p.SpringPersistenceUnitInfo      : No LoadTimeWeaver setup: ignoring JPA class transformer
2025-10-15T19:03:09.516+05:30  INFO 22312 --- [todo-full-stack-mysql-security] [restartedMain] com.zaxxer.hikari.HikariDataSource       : HikariPool-2 - Starting...
2025-10-15T19:03:09.533+05:30  INFO 22312 --- [todo-full-stack-mysql-security] [restartedMain] com.zaxxer.hikari.pool.HikariPool        : HikariPool-2 - Added connection com.mysql.cj.jdbc.ConnectionImpl@779f1bb1
2025-10-15T19:03:09.533+05:30  INFO 22312 --- [todo-full-stack-mysql-security] [restartedMain] com.zaxxer.hikari.HikariDataSource       : HikariPool-2 - Start completed.
2025-10-15T19:03:09.535+05:30  WARN 22312 --- [todo-full-stack-mysql-security] [restartedMain] org.hibernate.orm.deprecation            : HHH90000025: MySQLDialect does not need to be specified explicitly using 'hibernate.dialect' (remove the property setting and it will be selected by default)
2025-10-15T19:03:09.571+05:30  INFO 22312 --- [todo-full-stack-mysql-security] [restartedMain] o.h.e.t.j.p.i.JtaPlatformInitiator       : HHH000489: No JTA platform available (set 'hibernate.transaction.jta.platform' to enable JTA platform integration)
2025-10-15T19:03:09.580+05:30  INFO 22312 --- [todo-full-stack-mysql-security] [restartedMain] j.LocalContainerEntityManagerFactoryBean : Initialized JPA EntityManagerFactory for persistence unit 'default'
2025-10-15T19:03:09.800+05:30  WARN 22312 --- [todo-full-stack-mysql-security] [restartedMain] JpaBaseConfiguration$JpaWebConfiguration : spring.jpa.open-in-view is enabled by default. Therefore, database queries may be performed during view rendering. Explicitly configure spring.jpa.open-in-view to disable this warning
2025-10-15T19:03:09.807+05:30  INFO 22312 --- [todo-full-stack-mysql-security] [restartedMain] r$InitializeUserDetailsManagerConfigurer : Global AuthenticationManager configured with UserDetailsService bean with name createUserDetailsManager
2025-10-15T19:03:09.924+05:30  INFO 22312 --- [todo-full-stack-mysql-security] [restartedMain] o.s.b.d.a.OptionalLiveReloadServer       : LiveReload server is running on port 35729
2025-10-15T19:03:09.932+05:30  INFO 22312 --- [todo-full-stack-mysql-security] [restartedMain] o.s.b.w.embedded.tomcat.TomcatWebServer  : Tomcat started on port 7777 (http) with context path '/'
2025-10-15T19:03:09.936+05:30  INFO 22312 --- [todo-full-stack-mysql-security] [restartedMain] i.v.s.web.TodoManagementApplication      : Started TodoManagementApplication in 0.947 seconds (process running for 48.698)
2025-10-15T19:03:09.938+05:30  INFO 22312 --- [todo-full-stack-mysql-security] [restartedMain] .ConditionEvaluationDeltaLoggingListener : Condition evaluation unchanged
2025-10-15T19:03:23.777+05:30  INFO 22312 --- [todo-full-stack-mysql-security] [http-nio-7777-exec-1] o.a.c.c.C.[Tomcat].[localhost].[/]       : Initializing Spring DispatcherServlet 'dispatcherServlet'
2025-10-15T19:03:23.778+05:30  INFO 22312 --- [todo-full-stack-mysql-security] [http-nio-7777-exec-1] o.s.web.servlet.DispatcherServlet        : Initializing Servlet 'dispatcherServlet'
2025-10-15T19:03:23.779+05:30  INFO 22312 --- [todo-full-stack-mysql-security] [http-nio-7777-exec-1] o.s.web.servlet.DispatcherServlet        : Completed initialization in 1 ms
2025-10-15T19:23:05.252+05:30  INFO 22312 --- [todo-full-stack-mysql-security] [File Watcher] rtingClassPathChangeChangedEventListener : Restarting due to 1 class path change (0 additions, 0 deletions, 1 modification)
2025-10-15T19:23:05.264+05:30  INFO 22312 --- [todo-full-stack-mysql-security] [Thread-7] j.LocalContainerEntityManagerFactoryBean : Closing JPA EntityManagerFactory for persistence unit 'default'
2025-10-15T19:23:05.265+05:30  INFO 22312 --- [todo-full-stack-mysql-security] [Thread-7] com.zaxxer.hikari.HikariDataSource       : HikariPool-2 - Shutdown initiated...
2025-10-15T19:23:05.274+05:30  INFO 22312 --- [todo-full-stack-mysql-security] [Thread-7] com.zaxxer.hikari.HikariDataSource       : HikariPool-2 - Shutdown completed.
2025-10-15T19:23:05.402+05:30  INFO 22312 --- [todo-full-stack-mysql-security] [restartedMain] i.v.s.web.TodoManagementApplication      : Starting TodoManagementApplication using Java 24.0.2 with PID 22312 (C:\eclipse-workspace\todo-full-stack-mysql-security\target\classes started by vetri in C:\eclipse-workspace\todo-full-stack-mysql-security)
2025-10-15T19:23:05.402+05:30  INFO 22312 --- [todo-full-stack-mysql-security] [restartedMain] i.v.s.web.TodoManagementApplication      : No active profile set, falling back to 1 default profile: "default"
2025-10-15T19:23:05.601+05:30  INFO 22312 --- [todo-full-stack-mysql-security] [restartedMain] .s.d.r.c.RepositoryConfigurationDelegate : Bootstrapping Spring Data JPA repositories in DEFAULT mode.
2025-10-15T19:23:05.612+05:30  INFO 22312 --- [todo-full-stack-mysql-security] [restartedMain] .s.d.r.c.RepositoryConfigurationDelegate : Finished Spring Data repository scanning in 10 ms. Found 1 JPA repository interface.
2025-10-15T19:23:05.713+05:30  INFO 22312 --- [todo-full-stack-mysql-security] [restartedMain] o.s.b.w.embedded.tomcat.TomcatWebServer  : Tomcat initialized with port 7777 (http)
2025-10-15T19:23:05.714+05:30  INFO 22312 --- [todo-full-stack-mysql-security] [restartedMain] o.apache.catalina.core.StandardService   : Starting service [Tomcat]
2025-10-15T19:23:05.714+05:30  INFO 22312 --- [todo-full-stack-mysql-security] [restartedMain] o.apache.catalina.core.StandardEngine    : Starting Servlet engine: [Apache Tomcat/10.1.34]
2025-10-15T19:23:05.793+05:30  INFO 22312 --- [todo-full-stack-mysql-security] [restartedMain] org.apache.jasper.servlet.TldScanner     : At least one JAR was scanned for TLDs yet contained no TLDs. Enable debug logging for this logger for a complete list of JARs that were scanned but no TLDs were found in them. Skipping unneeded JARs during scanning can improve startup time and JSP compilation time.
2025-10-15T19:23:05.796+05:30  INFO 22312 --- [todo-full-stack-mysql-security] [restartedMain] o.a.c.c.C.[Tomcat].[localhost].[/]       : Initializing Spring embedded WebApplicationContext
2025-10-15T19:23:05.796+05:30  INFO 22312 --- [todo-full-stack-mysql-security] [restartedMain] w.s.c.ServletWebServerApplicationContext : Root WebApplicationContext: initialization completed in 390 ms
2025-10-15T19:23:05.824+05:30  INFO 22312 --- [todo-full-stack-mysql-security] [restartedMain] o.hibernate.jpa.internal.util.LogHelper  : HHH000204: Processing PersistenceUnitInfo [name: default]
2025-10-15T19:23:05.826+05:30  INFO 22312 --- [todo-full-stack-mysql-security] [restartedMain] o.h.c.internal.RegionFactoryInitiator    : HHH000026: Second-level cache disabled
2025-10-15T19:23:05.833+05:30  INFO 22312 --- [todo-full-stack-mysql-security] [restartedMain] o.s.o.j.p.SpringPersistenceUnitInfo      : No LoadTimeWeaver setup: ignoring JPA class transformer
2025-10-15T19:23:05.834+05:30  INFO 22312 --- [todo-full-stack-mysql-security] [restartedMain] com.zaxxer.hikari.HikariDataSource       : HikariPool-3 - Starting...
2025-10-15T19:23:05.849+05:30  INFO 22312 --- [todo-full-stack-mysql-security] [restartedMain] com.zaxxer.hikari.pool.HikariPool        : HikariPool-3 - Added connection com.mysql.cj.jdbc.ConnectionImpl@ba0bb33
2025-10-15T19:23:05.849+05:30  INFO 22312 --- [todo-full-stack-mysql-security] [restartedMain] com.zaxxer.hikari.HikariDataSource       : HikariPool-3 - Start completed.
2025-10-15T19:23:05.851+05:30  WARN 22312 --- [todo-full-stack-mysql-security] [restartedMain] org.hibernate.orm.deprecation            : HHH90000025: MySQLDialect does not need to be specified explicitly using 'hibernate.dialect' (remove the property setting and it will be selected by default)
2025-10-15T19:23:05.896+05:30  INFO 22312 --- [todo-full-stack-mysql-security] [restartedMain] o.h.e.t.j.p.i.JtaPlatformInitiator       : HHH000489: No JTA platform available (set 'hibernate.transaction.jta.platform' to enable JTA platform integration)
2025-10-15T19:23:05.911+05:30  INFO 22312 --- [todo-full-stack-mysql-security] [restartedMain] j.LocalContainerEntityManagerFactoryBean : Initialized JPA EntityManagerFactory for persistence unit 'default'
2025-10-15T19:23:06.122+05:30  WARN 22312 --- [todo-full-stack-mysql-security] [restartedMain] JpaBaseConfiguration$JpaWebConfiguration : spring.jpa.open-in-view is enabled by default. Therefore, database queries may be performed during view rendering. Explicitly configure spring.jpa.open-in-view to disable this warning
2025-10-15T19:23:06.129+05:30  INFO 22312 --- [todo-full-stack-mysql-security] [restartedMain] r$InitializeUserDetailsManagerConfigurer : Global AuthenticationManager configured with UserDetailsService bean with name createUserDetailsManager
2025-10-15T19:23:06.199+05:30  INFO 22312 --- [todo-full-stack-mysql-security] [restartedMain] o.s.b.d.a.OptionalLiveReloadServer       : LiveReload server is running on port 35729
2025-10-15T19:23:06.207+05:30  INFO 22312 --- [todo-full-stack-mysql-security] [restartedMain] o.s.b.w.embedded.tomcat.TomcatWebServer  : Tomcat started on port 7777 (http) with context path '/'
2025-10-15T19:23:06.209+05:30  INFO 22312 --- [todo-full-stack-mysql-security] [restartedMain] i.v.s.web.TodoManagementApplication      : Started TodoManagementApplication in 0.847 seconds (process running for 1244.971)
2025-10-15T19:23:06.210+05:30  INFO 22312 --- [todo-full-stack-mysql-security] [restartedMain] .ConditionEvaluationDeltaLoggingListener : Condition evaluation unchanged
2025-10-15T19:23:30.757+05:30  INFO 22312 --- [todo-full-stack-mysql-security] [File Watcher] rtingClassPathChangeChangedEventListener : Restarting due to 1 class path change (0 additions, 0 deletions, 1 modification)
2025-10-15T19:23:30.768+05:30  INFO 22312 --- [todo-full-stack-mysql-security] [Thread-11] j.LocalContainerEntityManagerFactoryBean : Closing JPA EntityManagerFactory for persistence unit 'default'
2025-10-15T19:23:30.768+05:30  INFO 22312 --- [todo-full-stack-mysql-security] [Thread-11] com.zaxxer.hikari.HikariDataSource       : HikariPool-3 - Shutdown initiated...
2025-10-15T19:23:30.774+05:30  INFO 22312 --- [todo-full-stack-mysql-security] [Thread-11] com.zaxxer.hikari.HikariDataSource       : HikariPool-3 - Shutdown completed.
2025-10-15T19:23:30.927+05:30  INFO 22312 --- [todo-full-stack-mysql-security] [restartedMain] i.v.s.web.TodoManagementApplication      : Starting TodoManagementApplication using Java 24.0.2 with PID 22312 (C:\eclipse-workspace\todo-full-stack-mysql-security\target\classes started by vetri in C:\eclipse-workspace\todo-full-stack-mysql-security)
2025-10-15T19:23:30.927+05:30  INFO 22312 --- [todo-full-stack-mysql-security] [restartedMain] i.v.s.web.TodoManagementApplication      : No active profile set, falling back to 1 default profile: "default"
2025-10-15T19:23:31.065+05:30  INFO 22312 --- [todo-full-stack-mysql-security] [restartedMain] .s.d.r.c.RepositoryConfigurationDelegate : Bootstrapping Spring Data JPA repositories in DEFAULT mode.
2025-10-15T19:23:31.075+05:30  INFO 22312 --- [todo-full-stack-mysql-security] [restartedMain] .s.d.r.c.RepositoryConfigurationDelegate : Finished Spring Data repository scanning in 10 ms. Found 1 JPA repository interface.
2025-10-15T19:23:31.133+05:30  INFO 22312 --- [todo-full-stack-mysql-security] [restartedMain] o.s.b.w.embedded.tomcat.TomcatWebServer  : Tomcat initialized with port 7777 (http)
2025-10-15T19:23:31.133+05:30  INFO 22312 --- [todo-full-stack-mysql-security] [restartedMain] o.apache.catalina.core.StandardService   : Starting service [Tomcat]
2025-10-15T19:23:31.133+05:30  INFO 22312 --- [todo-full-stack-mysql-security] [restartedMain] o.apache.catalina.core.StandardEngine    : Starting Servlet engine: [Apache Tomcat/10.1.34]
2025-10-15T19:23:31.190+05:30  INFO 22312 --- [todo-full-stack-mysql-security] [restartedMain] org.apache.jasper.servlet.TldScanner     : At least one JAR was scanned for TLDs yet contained no TLDs. Enable debug logging for this logger for a complete list of JARs that were scanned but no TLDs were found in them. Skipping unneeded JARs during scanning can improve startup time and JSP compilation time.
2025-10-15T19:23:31.195+05:30  INFO 22312 --- [todo-full-stack-mysql-security] [restartedMain] o.a.c.c.C.[Tomcat].[localhost].[/]       : Initializing Spring embedded WebApplicationContext
2025-10-15T19:23:31.195+05:30  INFO 22312 --- [todo-full-stack-mysql-security] [restartedMain] w.s.c.ServletWebServerApplicationContext : Root WebApplicationContext: initialization completed in 266 ms
2025-10-15T19:23:31.214+05:30  INFO 22312 --- [todo-full-stack-mysql-security] [restartedMain] o.hibernate.jpa.internal.util.LogHelper  : HHH000204: Processing PersistenceUnitInfo [name: default]
2025-10-15T19:23:31.216+05:30  INFO 22312 --- [todo-full-stack-mysql-security] [restartedMain] o.h.c.internal.RegionFactoryInitiator    : HHH000026: Second-level cache disabled
2025-10-15T19:23:31.225+05:30  INFO 22312 --- [todo-full-stack-mysql-security] [restartedMain] o.s.o.j.p.SpringPersistenceUnitInfo      : No LoadTimeWeaver setup: ignoring JPA class transformer
2025-10-15T19:23:31.225+05:30  INFO 22312 --- [todo-full-stack-mysql-security] [restartedMain] com.zaxxer.hikari.HikariDataSource       : HikariPool-4 - Starting...
2025-10-15T19:23:31.236+05:30  INFO 22312 --- [todo-full-stack-mysql-security] [restartedMain] com.zaxxer.hikari.pool.HikariPool        : HikariPool-4 - Added connection com.mysql.cj.jdbc.ConnectionImpl@42fb7950
2025-10-15T19:23:31.236+05:30  INFO 22312 --- [todo-full-stack-mysql-security] [restartedMain] com.zaxxer.hikari.HikariDataSource       : HikariPool-4 - Start completed.
2025-10-15T19:23:31.238+05:30  WARN 22312 --- [todo-full-stack-mysql-security] [restartedMain] org.hibernate.orm.deprecation            : HHH90000025: MySQLDialect does not need to be specified explicitly using 'hibernate.dialect' (remove the property setting and it will be selected by default)
2025-10-15T19:23:31.272+05:30  INFO 22312 --- [todo-full-stack-mysql-security] [restartedMain] o.h.e.t.j.p.i.JtaPlatformInitiator       : HHH000489: No JTA platform available (set 'hibernate.transaction.jta.platform' to enable JTA platform integration)
2025-10-15T19:23:31.285+05:30  INFO 22312 --- [todo-full-stack-mysql-security] [restartedMain] j.LocalContainerEntityManagerFactoryBean : Initialized JPA EntityManagerFactory for persistence unit 'default'
2025-10-15T19:23:31.488+05:30  WARN 22312 --- [todo-full-stack-mysql-security] [restartedMain] JpaBaseConfiguration$JpaWebConfiguration : spring.jpa.open-in-view is enabled by default. Therefore, database queries may be performed during view rendering. Explicitly configure spring.jpa.open-in-view to disable this warning
2025-10-15T19:23:31.494+05:30  INFO 22312 --- [todo-full-stack-mysql-security] [restartedMain] r$InitializeUserDetailsManagerConfigurer : Global AuthenticationManager configured with UserDetailsService bean with name createUserDetailsManager
2025-10-15T19:23:31.617+05:30  INFO 22312 --- [todo-full-stack-mysql-security] [restartedMain] o.s.b.d.a.OptionalLiveReloadServer       : LiveReload server is running on port 35729
2025-10-15T19:23:31.626+05:30  INFO 22312 --- [todo-full-stack-mysql-security] [restartedMain] o.s.b.w.embedded.tomcat.TomcatWebServer  : Tomcat started on port 7777 (http) with context path '/'
2025-10-15T19:23:31.629+05:30  INFO 22312 --- [todo-full-stack-mysql-security] [restartedMain] i.v.s.web.TodoManagementApplication      : Started TodoManagementApplication in 0.756 seconds (process running for 1270.391)
2025-10-15T19:23:31.631+05:30  INFO 22312 --- [todo-full-stack-mysql-security] [restartedMain] .ConditionEvaluationDeltaLoggingListener : Condition evaluation unchanged
2025-10-15T19:23:34.342+05:30  INFO 22312 --- [todo-full-stack-mysql-security] [http-nio-7777-exec-1] o.a.c.c.C.[Tomcat].[localhost].[/]       : Initializing Spring DispatcherServlet 'dispatcherServlet'
2025-10-15T19:23:34.342+05:30  INFO 22312 --- [todo-full-stack-mysql-security] [http-nio-7777-exec-1] o.s.web.servlet.DispatcherServlet        : Initializing Servlet 'dispatcherServlet'
2025-10-15T19:23:34.344+05:30  INFO 22312 --- [todo-full-stack-mysql-security] [http-nio-7777-exec-1] o.s.web.servlet.DispatcherServlet        : Completed initialization in 2 ms
2025-10-15T19:26:03.686+05:30  INFO 13088 --- [todo-full-stack-mysql-security] [restartedMain] i.v.s.web.TodoManagementApplication      : Starting TodoManagementApplication using Java 24.0.2 with PID 13088 (C:\eclipse-workspace\todo-full-stack-mysql-security\target\classes started by vetri in C:\eclipse-workspace\todo-full-stack-mysql-security)
2025-10-15T19:26:03.688+05:30  INFO 13088 --- [todo-full-stack-mysql-security] [restartedMain] i.v.s.web.TodoManagementApplication      : No active profile set, falling back to 1 default profile: "default"
2025-10-15T19:26:03.764+05:30  INFO 13088 --- [todo-full-stack-mysql-security] [restartedMain] .e.DevToolsPropertyDefaultsPostProcessor : Devtools property defaults active! Set 'spring.devtools.add-properties' to 'false' to disable
2025-10-15T19:26:03.765+05:30  INFO 13088 --- [todo-full-stack-mysql-security] [restartedMain] .e.DevToolsPropertyDefaultsPostProcessor : For additional web related logging consider setting the 'logging.level.web' property to 'DEBUG'
2025-10-15T19:26:04.503+05:30  INFO 13088 --- [todo-full-stack-mysql-security] [restartedMain] .s.d.r.c.RepositoryConfigurationDelegate : Bootstrapping Spring Data JPA repositories in DEFAULT mode.
2025-10-15T19:26:04.584+05:30  INFO 13088 --- [todo-full-stack-mysql-security] [restartedMain] .s.d.r.c.RepositoryConfigurationDelegate : Finished Spring Data repository scanning in 67 ms. Found 1 JPA repository interface.
2025-10-15T19:26:05.436+05:30  INFO 13088 --- [todo-full-stack-mysql-security] [restartedMain] o.s.b.w.embedded.tomcat.TomcatWebServer  : Tomcat initialized with port 7777 (http)
2025-10-15T19:26:05.453+05:30  INFO 13088 --- [todo-full-stack-mysql-security] [restartedMain] o.apache.catalina.core.StandardService   : Starting service [Tomcat]
2025-10-15T19:26:05.454+05:30  INFO 13088 --- [todo-full-stack-mysql-security] [restartedMain] o.apache.catalina.core.StandardEngine    : Starting Servlet engine: [Apache Tomcat/10.1.34]
2025-10-15T19:26:05.640+05:30  INFO 13088 --- [todo-full-stack-mysql-security] [restartedMain] org.apache.jasper.servlet.TldScanner     : At least one JAR was scanned for TLDs yet contained no TLDs. Enable debug logging for this logger for a complete list of JARs that were scanned but no TLDs were found in them. Skipping unneeded JARs during scanning can improve startup time and JSP compilation time.
2025-10-15T19:26:05.650+05:30  INFO 13088 --- [todo-full-stack-mysql-security] [restartedMain] o.a.c.c.C.[Tomcat].[localhost].[/]       : Initializing Spring embedded WebApplicationContext
2025-10-15T19:26:05.651+05:30  INFO 13088 --- [todo-full-stack-mysql-security] [restartedMain] w.s.c.ServletWebServerApplicationContext : Root WebApplicationContext: initialization completed in 1886 ms
2025-10-15T19:26:05.831+05:30  INFO 13088 --- [todo-full-stack-mysql-security] [restartedMain] o.hibernate.jpa.internal.util.LogHelper  : HHH000204: Processing PersistenceUnitInfo [name: default]
2025-10-15T19:26:05.930+05:30  INFO 13088 --- [todo-full-stack-mysql-security] [restartedMain] org.hibernate.Version                    : HHH000412: Hibernate ORM core version 6.5.3.Final
2025-10-15T19:26:05.979+05:30  INFO 13088 --- [todo-full-stack-mysql-security] [restartedMain] o.h.c.internal.RegionFactoryInitiator    : HHH000026: Second-level cache disabled
2025-10-15T19:26:06.359+05:30  INFO 13088 --- [todo-full-stack-mysql-security] [restartedMain] o.s.o.j.p.SpringPersistenceUnitInfo      : No LoadTimeWeaver setup: ignoring JPA class transformer
2025-10-15T19:26:06.401+05:30  INFO 13088 --- [todo-full-stack-mysql-security] [restartedMain] com.zaxxer.hikari.HikariDataSource       : HikariPool-1 - Starting...
2025-10-15T19:26:06.733+05:30  INFO 13088 --- [todo-full-stack-mysql-security] [restartedMain] com.zaxxer.hikari.pool.HikariPool        : HikariPool-1 - Added connection com.mysql.cj.jdbc.ConnectionImpl@31cf35d3
2025-10-15T19:26:06.735+05:30  INFO 13088 --- [todo-full-stack-mysql-security] [restartedMain] com.zaxxer.hikari.HikariDataSource       : HikariPool-1 - Start completed.
2025-10-15T19:26:06.790+05:30  WARN 13088 --- [todo-full-stack-mysql-security] [restartedMain] org.hibernate.orm.deprecation            : HHH90000025: MySQLDialect does not need to be specified explicitly using 'hibernate.dialect' (remove the property setting and it will be selected by default)
2025-10-15T19:26:07.526+05:30  INFO 13088 --- [todo-full-stack-mysql-security] [restartedMain] o.h.e.t.j.p.i.JtaPlatformInitiator       : HHH000489: No JTA platform available (set 'hibernate.transaction.jta.platform' to enable JTA platform integration)
2025-10-15T19:26:07.574+05:30  INFO 13088 --- [todo-full-stack-mysql-security] [restartedMain] j.LocalContainerEntityManagerFactoryBean : Initialized JPA EntityManagerFactory for persistence unit 'default'
2025-10-15T19:26:08.133+05:30  WARN 13088 --- [todo-full-stack-mysql-security] [restartedMain] JpaBaseConfiguration$JpaWebConfiguration : spring.jpa.open-in-view is enabled by default. Therefore, database queries may be performed during view rendering. Explicitly configure spring.jpa.open-in-view to disable this warning
2025-10-15T19:26:08.172+05:30  INFO 13088 --- [todo-full-stack-mysql-security] [restartedMain] r$InitializeUserDetailsManagerConfigurer : Global AuthenticationManager configured with UserDetailsService bean with name createUserDetailsManager
2025-10-15T19:26:08.754+05:30  INFO 13088 --- [todo-full-stack-mysql-security] [restartedMain] o.s.b.d.a.OptionalLiveReloadServer       : LiveReload server is running on port 35729
2025-10-15T19:26:08.792+05:30  INFO 13088 --- [todo-full-stack-mysql-security] [restartedMain] o.s.b.w.embedded.tomcat.TomcatWebServer  : Tomcat started on port 7777 (http) with context path '/'
2025-10-15T19:26:08.800+05:30  INFO 13088 --- [todo-full-stack-mysql-security] [restartedMain] i.v.s.web.TodoManagementApplication      : Started TodoManagementApplication in 5.553 seconds (process running for 6.012)
2025-10-15T19:26:11.774+05:30  INFO 13088 --- [todo-full-stack-mysql-security] [http-nio-7777-exec-1] o.a.c.c.C.[Tomcat].[localhost].[/]       : Initializing Spring DispatcherServlet 'dispatcherServlet'
2025-10-15T19:26:11.774+05:30  INFO 13088 --- [todo-full-stack-mysql-security] [http-nio-7777-exec-1] o.s.web.servlet.DispatcherServlet        : Initializing Servlet 'dispatcherServlet'
2025-10-15T19:26:11.775+05:30  INFO 13088 --- [todo-full-stack-mysql-security] [http-nio-7777-exec-1] o.s.web.servlet.DispatcherServlet        : Completed initialization in 1 ms
2025-10-15T19:30:06.793+05:30  INFO 5044 --- [todo-full-stack-mysql-security] [restartedMain] i.v.s.web.TodoManagementApplication      : Starting TodoManagementApplication using Java 24.0.2 with PID 5044 (C:\eclipse-workspace\todo-full-stack-mysql-security\target\classes started by vetri in C:\eclipse-workspace\todo-full-stack-mysql-security)
2025-10-15T19:30:06.795+05:30  INFO 5044 --- [todo-full-stack-mysql-security] [restartedMain] i.v.s.web.TodoManagementApplication      : No active profile set, falling back to 1 default profile: "default"
2025-10-15T19:30:06.854+05:30  INFO 5044 --- [todo-full-stack-mysql-security] [restartedMain] .e.DevToolsPropertyDefaultsPostProcessor : Devtools property defaults active! Set 'spring.devtools.add-properties' to 'false' to disable
2025-10-15T19:30:06.854+05:30  INFO 5044 --- [todo-full-stack-mysql-security] [restartedMain] .e.DevToolsPropertyDefaultsPostProcessor : For additional web related logging consider setting the 'logging.level.web' property to 'DEBUG'
2025-10-15T19:30:07.689+05:30  INFO 5044 --- [todo-full-stack-mysql-security] [restartedMain] .s.d.r.c.RepositoryConfigurationDelegate : Bootstrapping Spring Data JPA repositories in DEFAULT mode.
2025-10-15T19:30:07.765+05:30  INFO 5044 --- [todo-full-stack-mysql-security] [restartedMain] .s.d.r.c.RepositoryConfigurationDelegate : Finished Spring Data repository scanning in 61 ms. Found 1 JPA repository interface.
2025-10-15T19:30:08.604+05:30  INFO 5044 --- [todo-full-stack-mysql-security] [restartedMain] o.s.b.w.embedded.tomcat.TomcatWebServer  : Tomcat initialized with port 7777 (http)
2025-10-15T19:30:08.623+05:30  INFO 5044 --- [todo-full-stack-mysql-security] [restartedMain] o.apache.catalina.core.StandardService   : Starting service [Tomcat]
2025-10-15T19:30:08.624+05:30  INFO 5044 --- [todo-full-stack-mysql-security] [restartedMain] o.apache.catalina.core.StandardEngine    : Starting Servlet engine: [Apache Tomcat/10.1.34]
2025-10-15T19:30:08.810+05:30  INFO 5044 --- [todo-full-stack-mysql-security] [restartedMain] org.apache.jasper.servlet.TldScanner     : At least one JAR was scanned for TLDs yet contained no TLDs. Enable debug logging for this logger for a complete list of JARs that were scanned but no TLDs were found in them. Skipping unneeded JARs during scanning can improve startup time and JSP compilation time.
2025-10-15T19:30:08.820+05:30  INFO 5044 --- [todo-full-stack-mysql-security] [restartedMain] o.a.c.c.C.[Tomcat].[localhost].[/]       : Initializing Spring embedded WebApplicationContext
2025-10-15T19:30:08.821+05:30  INFO 5044 --- [todo-full-stack-mysql-security] [restartedMain] w.s.c.ServletWebServerApplicationContext : Root WebApplicationContext: initialization completed in 1967 ms
2025-10-15T19:30:08.992+05:30  INFO 5044 --- [todo-full-stack-mysql-security] [restartedMain] o.hibernate.jpa.internal.util.LogHelper  : HHH000204: Processing PersistenceUnitInfo [name: default]
2025-10-15T19:30:09.075+05:30  INFO 5044 --- [todo-full-stack-mysql-security] [restartedMain] org.hibernate.Version                    : HHH000412: Hibernate ORM core version 6.5.3.Final
2025-10-15T19:30:09.120+05:30  INFO 5044 --- [todo-full-stack-mysql-security] [restartedMain] o.h.c.internal.RegionFactoryInitiator    : HHH000026: Second-level cache disabled
2025-10-15T19:30:09.477+05:30  INFO 5044 --- [todo-full-stack-mysql-security] [restartedMain] o.s.o.j.p.SpringPersistenceUnitInfo      : No LoadTimeWeaver setup: ignoring JPA class transformer
2025-10-15T19:30:09.510+05:30  INFO 5044 --- [todo-full-stack-mysql-security] [restartedMain] com.zaxxer.hikari.HikariDataSource       : HikariPool-1 - Starting...
2025-10-15T19:30:09.813+05:30  INFO 5044 --- [todo-full-stack-mysql-security] [restartedMain] com.zaxxer.hikari.pool.HikariPool        : HikariPool-1 - Added connection com.mysql.cj.jdbc.ConnectionImpl@10a3f0cc
2025-10-15T19:30:09.815+05:30  INFO 5044 --- [todo-full-stack-mysql-security] [restartedMain] com.zaxxer.hikari.HikariDataSource       : HikariPool-1 - Start completed.
2025-10-15T19:30:09.870+05:30  WARN 5044 --- [todo-full-stack-mysql-security] [restartedMain] org.hibernate.orm.deprecation            : HHH90000025: MySQLDialect does not need to be specified explicitly using 'hibernate.dialect' (remove the property setting and it will be selected by default)
2025-10-15T19:30:10.628+05:30  INFO 5044 --- [todo-full-stack-mysql-security] [restartedMain] o.h.e.t.j.p.i.JtaPlatformInitiator       : HHH000489: No JTA platform available (set 'hibernate.transaction.jta.platform' to enable JTA platform integration)
2025-10-15T19:30:10.693+05:30  INFO 5044 --- [todo-full-stack-mysql-security] [restartedMain] j.LocalContainerEntityManagerFactoryBean : Initialized JPA EntityManagerFactory for persistence unit 'default'
2025-10-15T19:30:11.256+05:30  WARN 5044 --- [todo-full-stack-mysql-security] [restartedMain] JpaBaseConfiguration$JpaWebConfiguration : spring.jpa.open-in-view is enabled by default. Therefore, database queries may be performed during view rendering. Explicitly configure spring.jpa.open-in-view to disable this warning
2025-10-15T19:30:11.301+05:30  INFO 5044 --- [todo-full-stack-mysql-security] [restartedMain] r$InitializeUserDetailsManagerConfigurer : Global AuthenticationManager configured with UserDetailsService bean with name createUserDetailsManager
2025-10-15T19:30:11.879+05:30  INFO 5044 --- [todo-full-stack-mysql-security] [restartedMain] o.s.b.d.a.OptionalLiveReloadServer       : LiveReload server is running on port 35729
2025-10-15T19:30:11.924+05:30  INFO 5044 --- [todo-full-stack-mysql-security] [restartedMain] o.s.b.w.embedded.tomcat.TomcatWebServer  : Tomcat started on port 7777 (http) with context path '/'
2025-10-15T19:30:11.933+05:30  INFO 5044 --- [todo-full-stack-mysql-security] [restartedMain] i.v.s.web.TodoManagementApplication      : Started TodoManagementApplication in 5.55 seconds (process running for 5.961)
2025-10-15T19:30:14.811+05:30  INFO 5044 --- [todo-full-stack-mysql-security] [http-nio-7777-exec-2] o.a.c.c.C.[Tomcat].[localhost].[/]       : Initializing Spring DispatcherServlet 'dispatcherServlet'
2025-10-15T19:30:14.812+05:30  INFO 5044 --- [todo-full-stack-mysql-security] [http-nio-7777-exec-2] o.s.web.servlet.DispatcherServlet        : Initializing Servlet 'dispatcherServlet'
2025-10-15T19:30:14.813+05:30  INFO 5044 --- [todo-full-stack-mysql-security] [http-nio-7777-exec-2] o.s.web.servlet.DispatcherServlet        : Completed initialization in 1 ms
2025-10-15T19:30:39.109+05:30  INFO 17108 --- [todo-full-stack-mysql-security] [restartedMain] i.v.s.web.TodoManagementApplication      : Starting TodoManagementApplication using Java 24.0.2 with PID 17108 (C:\eclipse-workspace\todo-full-stack-mysql-security\target\classes started by vetri in C:\eclipse-workspace\todo-full-stack-mysql-security)
2025-10-15T19:30:39.113+05:30  INFO 17108 --- [todo-full-stack-mysql-security] [restartedMain] i.v.s.web.TodoManagementApplication      : No active profile set, falling back to 1 default profile: "default"
2025-10-15T19:30:39.204+05:30  INFO 17108 --- [todo-full-stack-mysql-security] [restartedMain] .e.DevToolsPropertyDefaultsPostProcessor : Devtools property defaults active! Set 'spring.devtools.add-properties' to 'false' to disable
2025-10-15T19:30:39.204+05:30  INFO 17108 --- [todo-full-stack-mysql-security] [restartedMain] .e.DevToolsPropertyDefaultsPostProcessor : For additional web related logging consider setting the 'logging.level.web' property to 'DEBUG'
2025-10-15T19:30:39.992+05:30  INFO 17108 --- [todo-full-stack-mysql-security] [restartedMain] .s.d.r.c.RepositoryConfigurationDelegate : Bootstrapping Spring Data JPA repositories in DEFAULT mode.
2025-10-15T19:30:40.062+05:30  INFO 17108 --- [todo-full-stack-mysql-security] [restartedMain] .s.d.r.c.RepositoryConfigurationDelegate : Finished Spring Data repository scanning in 59 ms. Found 1 JPA repository interface.
2025-10-15T19:30:40.868+05:30  INFO 17108 --- [todo-full-stack-mysql-security] [restartedMain] o.s.b.w.embedded.tomcat.TomcatWebServer  : Tomcat initialized with port 7777 (http)
2025-10-15T19:30:40.882+05:30  INFO 17108 --- [todo-full-stack-mysql-security] [restartedMain] o.apache.catalina.core.StandardService   : Starting service [Tomcat]
2025-10-15T19:30:40.883+05:30  INFO 17108 --- [todo-full-stack-mysql-security] [restartedMain] o.apache.catalina.core.StandardEngine    : Starting Servlet engine: [Apache Tomcat/10.1.34]
2025-10-15T19:30:41.083+05:30  INFO 17108 --- [todo-full-stack-mysql-security] [restartedMain] org.apache.jasper.servlet.TldScanner     : At least one JAR was scanned for TLDs yet contained no TLDs. Enable debug logging for this logger for a complete list of JARs that were scanned but no TLDs were found in them. Skipping unneeded JARs during scanning can improve startup time and JSP compilation time.
2025-10-15T19:30:41.096+05:30  INFO 17108 --- [todo-full-stack-mysql-security] [restartedMain] o.a.c.c.C.[Tomcat].[localhost].[/]       : Initializing Spring embedded WebApplicationContext
2025-10-15T19:30:41.096+05:30  INFO 17108 --- [todo-full-stack-mysql-security] [restartedMain] w.s.c.ServletWebServerApplicationContext : Root WebApplicationContext: initialization completed in 1891 ms
2025-10-15T19:30:41.272+05:30  INFO 17108 --- [todo-full-stack-mysql-security] [restartedMain] o.hibernate.jpa.internal.util.LogHelper  : HHH000204: Processing PersistenceUnitInfo [name: default]
2025-10-15T19:30:41.354+05:30  INFO 17108 --- [todo-full-stack-mysql-security] [restartedMain] org.hibernate.Version                    : HHH000412: Hibernate ORM core version 6.5.3.Final
2025-10-15T19:30:41.411+05:30  INFO 17108 --- [todo-full-stack-mysql-security] [restartedMain] o.h.c.internal.RegionFactoryInitiator    : HHH000026: Second-level cache disabled
2025-10-15T19:30:41.786+05:30  INFO 17108 --- [todo-full-stack-mysql-security] [restartedMain] o.s.o.j.p.SpringPersistenceUnitInfo      : No LoadTimeWeaver setup: ignoring JPA class transformer
2025-10-15T19:30:41.819+05:30  INFO 17108 --- [todo-full-stack-mysql-security] [restartedMain] com.zaxxer.hikari.HikariDataSource       : HikariPool-1 - Starting...
2025-10-15T19:30:42.151+05:30  INFO 17108 --- [todo-full-stack-mysql-security] [restartedMain] com.zaxxer.hikari.pool.HikariPool        : HikariPool-1 - Added connection com.mysql.cj.jdbc.ConnectionImpl@8a0a6a2
2025-10-15T19:30:42.158+05:30  INFO 17108 --- [todo-full-stack-mysql-security] [restartedMain] com.zaxxer.hikari.HikariDataSource       : HikariPool-1 - Start completed.
2025-10-15T19:30:42.205+05:30  WARN 17108 --- [todo-full-stack-mysql-security] [restartedMain] org.hibernate.orm.deprecation            : HHH90000025: MySQLDialect does not need to be specified explicitly using 'hibernate.dialect' (remove the property setting and it will be selected by default)
2025-10-15T19:30:42.941+05:30  INFO 17108 --- [todo-full-stack-mysql-security] [restartedMain] o.h.e.t.j.p.i.JtaPlatformInitiator       : HHH000489: No JTA platform available (set 'hibernate.transaction.jta.platform' to enable JTA platform integration)
2025-10-15T19:30:42.995+05:30  INFO 17108 --- [todo-full-stack-mysql-security] [restartedMain] j.LocalContainerEntityManagerFactoryBean : Initialized JPA EntityManagerFactory for persistence unit 'default'
2025-10-15T19:30:43.568+05:30  WARN 17108 --- [todo-full-stack-mysql-security] [restartedMain] JpaBaseConfiguration$JpaWebConfiguration : spring.jpa.open-in-view is enabled by default. Therefore, database queries may be performed during view rendering. Explicitly configure spring.jpa.open-in-view to disable this warning
2025-10-15T19:30:43.608+05:30  INFO 17108 --- [todo-full-stack-mysql-security] [restartedMain] r$InitializeUserDetailsManagerConfigurer : Global AuthenticationManager configured with UserDetailsService bean with name createUserDetailsManager
2025-10-15T19:30:44.225+05:30  INFO 17108 --- [todo-full-stack-mysql-security] [restartedMain] o.s.b.d.a.OptionalLiveReloadServer       : LiveReload server is running on port 35729
2025-10-15T19:30:44.274+05:30  INFO 17108 --- [todo-full-stack-mysql-security] [restartedMain] o.s.b.w.embedded.tomcat.TomcatWebServer  : Tomcat started on port 7777 (http) with context path '/'
2025-10-15T19:30:44.286+05:30  INFO 17108 --- [todo-full-stack-mysql-security] [restartedMain] i.v.s.web.TodoManagementApplication      : Started TodoManagementApplication in 5.612 seconds (process running for 6.106)
2025-10-15T19:30:46.422+05:30  INFO 17108 --- [todo-full-stack-mysql-security] [http-nio-7777-exec-3] o.a.c.c.C.[Tomcat].[localhost].[/]       : Initializing Spring DispatcherServlet 'dispatcherServlet'
2025-10-15T19:30:46.422+05:30  INFO 17108 --- [todo-full-stack-mysql-security] [http-nio-7777-exec-3] o.s.web.servlet.DispatcherServlet        : Initializing Servlet 'dispatcherServlet'
2025-10-15T19:30:46.422+05:30  INFO 17108 --- [todo-full-stack-mysql-security] [http-nio-7777-exec-3] o.s.web.servlet.DispatcherServlet        : Completed initialization in 0 ms
